---------- Date: 2017-07-13 11:24:20 ~ IP : 62.210.101.96 ----------
REQUEST URI : /index.php?route=product/search&amp;search=60735063
VQMod::_parseMods - INVALID XML FILE: : Start tag expected, '&lt;' not found in /var/www/www-root/data/www/automag-sp.ru/vqmod/xml/sticky_menu.xml, line: 1
----------------------------------------------------------------------


---------- Date: 2017-07-13 11:24:25 ~ IP : 62.210.101.96 ----------
REQUEST URI : /search/?search=60735063
MOD DETAILS:
   modFile   : /var/www/www-root/data/www/automag-sp.ru/vqmod/xml/vqmm_pav_blogs_menu_shortcut.xml
   id        : VQMod Pavo Blogs Shortcut
   version   : 1.0.0
   vqmver    : 2.3.0
   author    : pavothemes.com

File Name    : catalog/language/*/common/header.php(0)
VQModObject::applyMod - SEARCH NOT FOUND (ABORTING MOD): $_['text_home']           = 'Home';

----------------------------------------------------------------------


---------- Date: 2017-07-13 11:25:18 ~ IP : 66.249.66.147 ----------
REQUEST URI : /akkumulyatori/mutlu/avto-akkumulyator-75-ach-mutlu-pryamaya-polyarnoct
MOD DETAILS:
   modFile   : /var/www/www-root/data/www/automag-sp.ru/vqmod/xml/autolinks.xml
   id        : autolinks
   version   : 1.0.0
   vqmver    : 2.1.5
   author    : ovife21

File Name    : catalog/controller/product/product.php(0)
VQModObject::applyMod - SEARCH NOT FOUND (ABORTING MOD): public function captcha() {

----------------------------------------------------------------------


---------- Date: 2017-07-13 11:45:41 ~ IP : 62.210.101.96 ----------
REQUEST URI : /index.php?route=product/search&amp;search=657000&amp;brand=Abs
VQMod::_parseMods - INVALID XML FILE: : Start tag expected, '&lt;' not found in /var/www/www-root/data/www/automag-sp.ru/vqmod/xml/sticky_menu.xml, line: 1
----------------------------------------------------------------------


---------- Date: 2017-07-13 11:45:44 ~ IP : 62.210.101.96 ----------
REQUEST URI : /search/?search=657000&amp;brand=Abs
MOD DETAILS:
   modFile   : /var/www/www-root/data/www/automag-sp.ru/vqmod/xml/vqmm_pav_blogs_menu_shortcut.xml
   id        : VQMod Pavo Blogs Shortcut
   version   : 1.0.0
   vqmver    : 2.3.0
   author    : pavothemes.com

File Name    : catalog/language/*/common/header.php(0)
VQModObject::applyMod - SEARCH NOT FOUND (ABORTING MOD): $_['text_home']           = 'Home';

----------------------------------------------------------------------


---------- Date: 2017-07-13 11:46:00 ~ IP : 5.141.224.153 ----------
REQUEST URI : /shini-dicki/shini/175-65-r14-zimnyaya-neshipovanaya-shina-dunlop-graspic-ds-3
MOD DETAILS:
   modFile   : /var/www/www-root/data/www/automag-sp.ru/vqmod/xml/autolinks.xml
   id        : autolinks
   version   : 1.0.0
   vqmver    : 2.1.5
   author    : ovife21

File Name    : catalog/controller/product/product.php(0)
VQModObject::applyMod - SEARCH NOT FOUND (ABORTING MOD): public function captcha() {

----------------------------------------------------------------------


---------- Date: 2017-07-13 11:48:09 ~ IP : 164.132.164.180 ----------
REQUEST URI : /akceccuari/inctrument/voronki/
MOD DETAILS:
   modFile   : /var/www/www-root/data/www/automag-sp.ru/vqmod/xml/pavdeals.xml
   id        : Pavo Deals
   version   : 1.0.0
   vqmver    : 2.3.0
   author    : PavoThemes

File Name    : catalog/view/theme/*/template/product/category.tpl(1)
VQModObject::applyMod - SEARCH NOT FOUND (ABORTING MOD): var rating = $(element).find('.rating').html();

----------------------------------------------------------------------


