---------- Date: 2018-11-30 16:47:03 ~ IP : 104.236.195.72 ----------
REQUEST URI : /akkumulyatori/cougar/
MOD DETAILS:
   modFile   : /var/www/www-root/data/www/automag-sp.ru/vqmod/xml/pavdeals.xml
   id        : Pavo Deals
   version   : 1.0.0
   vqmver    : 2.3.0
   author    : PavoThemes

File Name    : catalog/view/theme/*/template/product/category.tpl(1)
VQModObject::applyMod - SEARCH NOT FOUND (ABORTING MOD): var rating = $(element).find('.rating').html();

----------------------------------------------------------------------


---------- Date: 2018-11-30 16:51:16 ~ IP : 37.9.113.20 ----------
REQUEST URI : /praici/obshii-po-magazinam/klyuch-g-obraznii-shectigrannii-n3mm-ombra
MOD DETAILS:
   modFile   : /var/www/www-root/data/www/automag-sp.ru/vqmod/xml/autolinks.xml
   id        : autolinks
   version   : 1.0.0
   vqmver    : 2.1.5
   author    : ovife21

File Name    : catalog/controller/product/product.php(0)
VQModObject::applyMod - SEARCH NOT FOUND (ABORTING MOD): public function captcha() {

----------------------------------------------------------------------


---------- Date: 2018-11-30 17:28:56 ~ IP : 109.252.50.13 ----------
REQUEST URI : /akkumulyatori/yamal/
MOD DETAILS:
   modFile   : /var/www/www-root/data/www/automag-sp.ru/vqmod/xml/pavdeals.xml
   id        : Pavo Deals
   version   : 1.0.0
   vqmver    : 2.3.0
   author    : PavoThemes

File Name    : catalog/view/theme/*/template/product/category.tpl(1)
VQModObject::applyMod - SEARCH NOT FOUND (ABORTING MOD): var rating = $(element).find('.rating').html();

----------------------------------------------------------------------


---------- Date: 2018-11-30 17:30:19 ~ IP : 104.236.195.72 ----------
REQUEST URI : /macla/
MOD DETAILS:
   modFile   : /var/www/www-root/data/www/automag-sp.ru/vqmod/xml/pavdeals.xml
   id        : Pavo Deals
   version   : 1.0.0
   vqmver    : 2.3.0
   author    : PavoThemes

File Name    : catalog/view/theme/*/template/product/category.tpl(1)
VQModObject::applyMod - SEARCH NOT FOUND (ABORTING MOD): var rating = $(element).find('.rating').html();

----------------------------------------------------------------------


