	2018-12-12 02:37:01	:Fetching http://webmim.svrauto.ru/api/v1/catalog/unload?access-token=lzVs7SZu42VZu-PjwfHahvPK1EH3X6_G&format=xml&gzip=0&types=1%3B2
	2018-12-12 02:37:09	:Fetched 9253395 bytes type 1
	2018-12-12 02:37:09	:Disabled 4500 items of type 1
	2018-12-12 02:37:10	:Updated product LANDSAIL  175/65/14  H 82 LS388(51377)
	2018-12-12 02:37:10	:Updated product LANDSAIL  175/70/14  H 88 LS388(52103)
	2018-12-12 02:37:10	:Updated product LANDSAIL  185/60/15  H 84 LS288(52496)
	2018-12-12 02:37:10	:Updated product LANDSAIL  185/60/15  H 84 LS288(52496)
	2018-12-12 02:37:10	:Updated product LANDSAIL  195/70/15  S 104/102 C LSV88(40766)
	2018-12-12 02:37:10	:Updated product LANDSAIL  205/65/15  H 94 WINTER LANDER(56298)
	2018-12-12 02:37:10	:Updated product LANDSAIL  205/65/16  V 95 LS388(41499)
	2018-12-12 02:37:10	:Updated product LANDSAIL  215/50/17  H 95 WINTER LANDER(49036)
	2018-12-12 02:37:10	:Updated product LANDSAIL  215/60/16  H 99 WINTER LANDER(49278)
	2018-12-12 02:37:10	:Updated product LANDSAIL  215/60/16  T 99 ice STAR iS33  Ш.(49038)
	2018-12-12 02:37:10	:Updated product LANDSAIL  215/60/17  H 96 WINTER STAR(49115)
	2018-12-12 02:37:10	:Updated product LANDSAIL  215/65/16  T 109/107 C SNOW STAR(49116)
	2018-12-12 02:37:10	:Updated product LANDSAIL  215/70/16  H 100 CLV2(31863)
	2018-12-12 02:37:10	:Updated product LANDSAIL  225/40/18  V 92 WINTER LANDER(52028)
	2018-12-12 02:37:10	:Updated product LANDSAIL  225/55/17  W 101 LS388(48429)
	2018-12-12 02:37:10	:Updated product LANDSAIL  225/65/17  H 102 CLV2(31866)
	2018-12-12 02:37:10	:Updated product LANDSAIL  225/65/17  H 102 CLV2(31866)
	2018-12-12 02:37:10	:Updated product LANDSAIL  235/60/16  H 100 CLV2(31869)
	2018-12-12 02:37:10	:Updated product LANDSAIL  235/60/18  V 107 CLV2  XL(41502)
	2018-12-12 02:37:10	:Updated product LANDSAIL  235/60/18  V 107 CLV2  XL(41502)
	2018-12-12 02:37:10	:Updated product LANDSAIL  235/60/18  V 107 LS588 SUV(48231)
	2018-12-12 02:37:10	:Updated product LANDSAIL  235/65/17  H 108 CLV2  XL(41711)
	2018-12-12 02:37:10	:Updated product LANDSAIL  245/65/17  H 107 CLV2(31874)
	2018-12-12 02:37:10	:Updated product LANDSAIL  245/65/17  H 107 WINTER STAR(49044)
	2018-12-12 02:37:10	:Updated product LANDSAIL  255/55/18  W 109 CLV2(47457)
	2018-12-12 02:37:10	:Updated product LANDSAIL  255/55/18  W 109 CLV2(47457)
	2018-12-12 02:37:10	:Updated product LANDSAIL  255/55/18  W 109 LS588 SUV(46824)
	2018-12-12 02:37:10	:Updated product LANDSAIL  255/60/18  H 112 LS588 SUV(31881)
	2018-12-12 02:37:10	:Updated product LANDSAIL  265/60/18  H 114 CLV2(41503)
	2018-12-12 02:37:10	:Updated product LANDSAIL  265/60/18  H 114 CLV2(41503)
	2018-12-12 02:37:10	:Updated product LANDSAIL  265/60/18  V 110 LS588 SUV(41712)
	2018-12-12 02:37:10	:Updated product LANDSAIL  265/65/17  H 112 CLV2(31888)
	2018-12-12 02:37:10	:Updated product LANDSAIL  265/65/17  H 112 LS588 SUV(31889)
	2018-12-12 02:37:10	:Updated product LANDSAIL  275/30/20  W 97 LS588 UHP(45507)
	2018-12-12 02:37:10	:Updated product LANDSAIL  275/40/19  Y 101 LS588 UHP(31891)
	2018-12-12 02:37:10	:Updated product LANDSAIL  275/60/20  V 115 LS588 SUV(46826)
	2018-12-12 02:37:10	:Updated product LANDSAIL  285/45/22  V 114 LS588 SUV(31897)
	2018-12-12 02:37:10	:Updated product LANDSAIL  285/45/22  V 114 LS588 SUV(31897)
	2018-12-12 02:37:10	:Updated product LANDSAIL  315/35/20  W 110 LS588 SUV(31903)
	2018-12-12 02:37:10	:Updated product LANDSAIL  315/35/20  W 110 LS588 SUV(31903)
	2018-12-12 02:37:10	:Updated product NEXEN  215/55/17  T 98 WINGUARD WINSPIKE  Ш.(57921)
	2018-12-12 02:37:10	:Updated product SATOYA  205/55/16  V 91 S-77(31917)
	2018-12-12 02:37:10	:Updated product VIATTI  175/65/14  H 82 Strada Asimmetriсo V-130(31966)
	2018-12-12 02:37:10	:Updated product VIATTI  175/70/14  H  Strada Asimmetriсo V-130(31968)
	2018-12-12 02:37:10	:Updated product VIATTI  175/70/14  H  Strada Asimmetriсo V-130(31968)
	2018-12-12 02:37:10	:Updated product VIATTI  185/55/15  Strada Asimmetriсo V-130(48576)
	2018-12-12 02:37:10	:Updated product VIATTI  185/55/15  Strada Asimmetriсo V-130(48576)
	2018-12-12 02:37:10	:Updated product VIATTI  185/60/14  Brina V-521(31954)
	2018-12-12 02:37:10	:Updated product VIATTI  185/65/14  H  Strada Asimmetriсo V-130(31971)
	2018-12-12 02:37:10	:Updated product VIATTI  185/70/14  H  Strada Asimmetriсo V-130(47906)
	2018-12-12 02:37:10	:Updated product VIATTI  195/50/15  T  Brina Nordico V-522  Ш.(52633)
	2018-12-12 02:37:10	:Updated product VIATTI  195/60/15  V 88 Strada Asimmetriсo V-130(31972)
	2018-12-12 02:37:10	:Updated product VIATTI  195/80/14 C  Vettore Brina  V-525(31976)
	2018-12-12 02:37:10	:Updated product VIATTI  195/80/14 C  Vettore Inverno  V-524  Ш.(31981)
	2018-12-12 02:37:10	:Updated product VIATTI  205/50/17  V  Strada Asimmetriсo V-130(50808)
	2018-12-12 02:37:10	:Updated product VIATTI  205/50/17  V  Strada Asimmetriсo V-130(50808)
	2018-12-12 02:37:10	:Updated product VIATTI  205/55/16  T  Brina V-521(31962)
	2018-12-12 02:37:10	:Updated product VIATTI  205/55/16  V 91 Strada Asimmetriсo V-130(40788)
	2018-12-12 02:37:10	:Updated product VIATTI  205/55/16  V 91 Strada Asimmetriсo V-130(40788)
	2018-12-12 02:37:10	:Updated product VIATTI  205/60/16  T  Brina V-521(49803)
	2018-12-12 02:37:10	:Updated product VIATTI  205/60/16  V 92 Strada Asimmetriсo V-130(45085)
	2018-12-12 02:37:10	:Updated product VIATTI  205/60/16  V 92 Strada Asimmetriсo V-130(45085)
	2018-12-12 02:37:10	:Updated product VIATTI  205/65/16  V 95 Strada Asimmetriсo V-130(51976)
	2018-12-12 02:37:10	:Updated product VIATTI  205/65/16  V 95 Strada Asimmetriсo V-130(51976)
	2018-12-12 02:37:10	:Updated product VIATTI  215/55/17  V  Strada Asimmetriсo V-130(40790)
	2018-12-12 02:37:10	:Updated product VIATTI  215/55/17  V 94 Bosco A/T V-237(40768)
	2018-12-12 02:37:10	:Updated product VIATTI  215/55/17  V 94 Bosco A/T V-237(40768)
	2018-12-12 02:37:10	:Updated product VIATTI  215/65/16 C  Vettore Inverno  V-524  Ш.(46827)
	2018-12-12 02:37:10	:Updated product VIATTI  215/70/16  T 100 Bosco Nordico V-523  Ш.(49434)
	2018-12-12 02:37:10	:Updated product VIATTI  215/75/16  R 116/114C  Vettore Inverno  V-524  Ш.(48577)
	2018-12-12 02:37:10	:Updated product VIATTI  225/45/17  V 94 Strada Asimmetriсo V-130(40791)
	2018-12-12 02:37:10	:Updated product VIATTI  225/50/17  V  Strada Asimmetriсo V-130(40792)
	2018-12-12 02:37:10	:Updated product VIATTI  225/50/17  V  Strada Asimmetriсo V-130(40792)
	2018-12-12 02:37:10	:Updated product VIATTI  225/55/18  T 102 Bosco S/T V-526(31933)
	2018-12-12 02:37:10	:Updated product VIATTI  235/40/18  V 95 Strada Asimmetriсo V-130(50731)
	2018-12-12 02:37:10	:Updated product VIATTI  245/70/16  H 107 Bosco A/T V-237(53187)
	2018-12-12 02:37:10	:Updated product АМТЕЛ  175/70/13  H  Планет 2Р  К-250(32020)
	2018-12-12 02:37:10	:Updated product АМТЕЛ  175/70/13  H  Планет 2Р  К-250(32020)
	2018-12-12 02:37:10	:Updated product АМТЕЛ  185/65/14  H 86 Планет  EVO(32006)
	2018-12-12 02:37:10	:Updated product АМТЕЛ  185/65/14  H 86 Планет  EVO(32006)
	2018-12-12 02:37:10	:Updated product АМТЕЛ  185/65/14  Q  НордМастер  К-245  Ш.(31989)
	2018-12-12 02:37:10	:Updated product АМТЕЛ  195/60/15  H 88 Планет  EVO(32007)
	2018-12-12 02:37:10	:Updated product АМТЕЛ  195/60/15  H 88 Планет  EVO(32007)
	2018-12-12 02:37:10	:Updated product АМТЕЛ  195/65/15  H  Планет 2Р  К-234(32016)
	2018-12-12 02:37:10	:Updated product АМТЕЛ  195/65/15  H  Планет 2Р  К-234(32016)
	2018-12-12 02:37:10	:Updated product АМТЕЛ  205/65/15  H  Планет 2Р  К-248(32018)
	2018-12-12 02:37:10	:Updated product АМТЕЛ  205/65/15  H  Планет 2Р  К-248(32018)
	2018-12-12 02:37:10	:Updated product АМТЕЛ  225/55/16  T  НордМастер CL  К-354(31991)
	2018-12-12 02:37:10	:Updated product Белшина  195/70/15  C 104/102 Бел-171(52997)
	2018-12-12 02:37:10	:Updated product Бриджстоун  175/65/14  H 82 EP150(32023)
	2018-12-12 02:37:10	:Updated product Бриджстоун  175/65/14  H 82 EP150(32023)
	2018-12-12 02:37:10	:Updated product Бриджстоун  175/70/14  S 84 REVO-GZ(47040)
	2018-12-12 02:37:10	:Updated product Бриджстоун  175/70/14  T 84 SPIKE-02  Ш.(49325)
	2018-12-12 02:37:10	:Updated product Бриджстоун  185/60/14  H 82 EP150(32037)
	2018-12-12 02:37:10	:Updated product Бриджстоун  185/60/14  H 82 EP150(32037)
	2018-12-12 02:37:10	:Updated product Бриджстоун  185/65/14  T 86 IC7000S  Ш.(57228)
	2018-12-12 02:37:10	:Updated product Бриджстоун  195/50/15  W 82 RE-003(32053)
	2018-12-12 02:37:10	:Updated product Бриджстоун  195/50/15  W 82 RE-003(32053)
	2018-12-12 02:37:10	:Created product Бриджстоун  195/60/15  H 88 RE-002  старше 3-х лет(58105)
	2018-12-12 02:37:10	:Updated product Бриджстоун  195/65/15  H 91 EP150(46837)
	2018-12-12 02:37:10	:Updated product Бриджстоун  195/65/15  T 91 IC7000S  Ш.(54772)
	2018-12-12 02:37:10	:Updated product Бриджстоун  205/45/16  W 87 RE-003  XL(32071)
	2018-12-12 02:37:10	:Updated product Бриджстоун  205/45/16  W 87 RE-003  XL(32071)
	2018-12-12 02:37:10	:Updated product Бриджстоун  205/55/16  S 91 VRX(32080)
	2018-12-12 02:37:10	:Updated product Бриджстоун  205/55/16  V 91 EP200(50685)
	2018-12-12 02:37:10	:Updated product Бриджстоун  205/55/16  V 91 EP200(50685)
	2018-12-12 02:37:10	:Updated product Бриджстоун  205/60/16  T 92 SPIKE-02  Ш.(47306)
	2018-12-12 02:37:10	:Updated product Бриджстоун  205/60/16  V 92 EP200(32089)
	2018-12-12 02:37:10	:Updated product Бриджстоун  205/60/16  V 92 EP200(32089)
	2018-12-12 02:37:10	:Updated product Бриджстоун  205/65/15  T 94 IC7000S  Ш.(57662)
	2018-12-12 02:37:10	:Created product Бриджстоун  205/65/15  V 94 MY02  старше 3-х лет(58106)
	2018-12-12 02:37:10	:Updated product Бриджстоун  205/65/16  H 95 850(32095)
	2018-12-12 02:37:10	:Updated product Бриджстоун  205/65/16  H 95 850(32095)
	2018-12-12 02:37:10	:Updated product Бриджстоун  205/65/16  V 95 EP200(32096)
	2018-12-12 02:37:10	:Updated product Бриджстоун  205/70/15  H 96 EP150(51379)
	2018-12-12 02:37:10	:Updated product Бриджстоун  205/70/15  S 96 697(32098)
	2018-12-12 02:37:10	:Updated product Бриджстоун  215/45/16  V 90 T001  XL(32101)
	2018-12-12 02:37:10	:Updated product Бриджстоун  215/45/17  W 87 T001(32105)
	2018-12-12 02:37:10	:Updated product Бриджстоун  215/50/17  V 91 EP300(53249)
	2018-12-12 02:37:10	:Updated product Бриджстоун  215/50/17  V 91 EP300(53249)
	2018-12-12 02:37:10	:Created product Бриджстоун  215/55/16  W 93 RE-002  старше 3-х лет(58107)
	2018-12-12 02:37:10	:Updated product Бриджстоун  215/55/16  W 93 RE-003(32115)
	2018-12-12 02:37:10	:Updated product Бриджстоун  215/55/17  S 94 REVO-GZ(45094)
	2018-12-12 02:37:10	:Updated product Бриджстоун  215/55/17  S 94 VRX(45095)
	2018-12-12 02:37:10	:Updated product Бриджстоун  215/55/17  V 94 EP200(32118)
	2018-12-12 02:37:10	:Updated product Бриджстоун  215/55/17  V 94 EP300(52031)
	2018-12-12 02:37:10	:Updated product Бриджстоун  215/55/17  V 94 T001(32120)
	2018-12-12 02:37:10	:Updated product Бриджстоун  215/55/17  V 94 T001(32120)
	2018-12-12 02:37:10	:Updated product Бриджстоун  215/55/17  W 94 RE-003(32121)
	2018-12-12 02:37:10	:Updated product Бриджстоун  215/55/17  W 94 RE-003(32121)
	2018-12-12 02:37:10	:Updated product Бриджстоун  215/60/17  H 96 850(32130)
	2018-12-12 02:37:10	:Updated product Бриджстоун  215/65/16  S 102 AT001  XL(53250)
	2018-12-12 02:37:10	:Updated product Бриджстоун  215/65/16  S 102 AT001  XL(53250)
	2018-12-12 02:37:10	:Updated product Бриджстоун  215/70/16  S 100 AT001(54000)
	2018-12-12 02:37:10	:Updated product Бриджстоун  215/70/16  S 100 697(32138)
	2018-12-12 02:37:10	:Updated product Бриджстоун  215/75/15  T 100 AT001(52032)
	2018-12-12 02:37:10	:Updated product Бриджстоун  225/40/18  W 92 RE-003  XL(32147)
	2018-12-12 02:37:10	:Updated product Бриджстоун  225/40/18  W 92 RE-003  XL(32147)
	2018-12-12 02:37:10	:Updated product Бриджстоун  225/40/18  Y 88 ER-33(32148)
	2018-12-12 02:37:10	:Updated product Бриджстоун  225/40/18  Y 88 ER-33(32148)
	2018-12-12 02:37:10	:Updated product Бриджстоун  225/45/17  V 91 EP200(32152)
	2018-12-12 02:37:10	:Created product Бриджстоун  225/45/17  W 91 RE-050 A  Run Flat старше 3-х лет(58108)
	2018-12-12 02:37:10	:Updated product Бриджстоун  225/45/17  W 91 T001(32158)
	2018-12-12 02:37:10	:Updated product Бриджстоун  225/45/17  Y 94 S001  XL(32160)
	2018-12-12 02:37:10	:Updated product Бриджстоун  225/45/18  W 95 RE-003  XL(32163)
	2018-12-12 02:37:10	:Updated product Бриджстоун  225/45/18  W 95 RE-003  XL(32163)
	2018-12-12 02:37:10	:Updated product Бриджстоун  225/50/17  V 94 EP200  старше 3-х лет(57856)
	2018-12-12 02:37:10	:Updated product Бриджстоун  225/50/17  V 94 EP300(53335)
	2018-12-12 02:37:10	:Updated product Бриджстоун  225/50/17  V 94 EP300(53335)
	2018-12-12 02:37:10	:Updated product Бриджстоун  225/50/17  W 94 RE-003(32174)
	2018-12-12 02:37:10	:Updated product Бриджстоун  225/50/17  W 94 RE-003(32174)
	2018-12-12 02:37:10	:Updated product Бриджстоун  225/55/17  V 97 T001(32184)
	2018-12-12 02:37:10	:Updated product Бриджстоун  225/55/17  V 97 T001(32184)
	2018-12-12 02:37:10	:Updated product Бриджстоун  225/55/17  W 97 ALENZA1(51879)
	2018-12-12 02:37:10	:Updated product Бриджстоун  225/55/17  W 97 ALENZA1(51879)
	2018-12-12 02:37:10	:Updated product Бриджстоун  225/60/16  V 98 EP200(32191)
	2018-12-12 02:37:10	:Updated product Бриджстоун  225/60/16  V 98 EP200(32191)
	2018-12-12 02:37:10	:Updated product Бриджстоун  225/60/17  V 99 850(46848)
	2018-12-12 02:37:10	:Updated product Бриджстоун  225/60/18  H 100 ALENZA1(51526)
	2018-12-12 02:37:10	:Updated product Бриджстоун  225/60/18  V 100 DHPS(32199)
	2018-12-12 02:37:10	:Updated product Бриджстоун  225/75/16  S 103 697(32203)
	2018-12-12 02:37:10	:Updated product Бриджстоун  235/40/19  Y 96 RE-050 A  XL(32210)
	2018-12-12 02:37:10	:Updated product Бриджстоун  235/55/17  Y 99 RE-040(32227)
	2018-12-12 02:37:10	:Updated product Бриджстоун  235/55/17  Y 99 RE-040(32227)
	2018-12-12 02:37:10	:Updated product Бриджстоун  235/55/18  V 100 ALENZA1(51529)
	2018-12-12 02:37:10	:Updated product Бриджстоун  235/60/17  V 102 D400(32243)
	2018-12-12 02:37:10	:Updated product Бриджстоун  235/60/18  W 103 ALENZA1(51530)
	2018-12-12 02:37:10	:Updated product Бриджстоун  235/60/18  W 103 ALENZA1(51530)
	2018-12-12 02:37:10	:Updated product Бриджстоун  235/65/17  T 108 SPIKE-01  XL Ш. старше 3-х лет(54587)
	2018-12-12 02:37:10	:Updated product Бриджстоун  235/65/17  V 108 ALENZA1  XL(51531)
	2018-12-12 02:37:10	:Updated product Бриджстоун  235/65/17  V 108 DHPS  XL(32248)
	2018-12-12 02:37:10	:Updated product Бриджстоун  235/65/17  V 108 ER-30  XL(32249)
	2018-12-12 02:37:10	:Updated product Бриджстоун  235/65/18  V 106 ALENZA1(51532)
	2018-12-12 02:37:10	:Updated product Бриджстоун  235/65/18  V 106 ALENZA1(51532)
	2018-12-12 02:37:10	:Updated product Бриджстоун  235/70/16  T 106 697(32252)
	2018-12-12 02:37:10	:Updated product Бриджстоун  235/70/16  T 106 697(32252)
	2018-12-12 02:37:10	:Updated product Бриджстоун  235/75/15  R 109 DMV2  XL(47314)
	2018-12-12 02:37:10	:Updated product Бриджстоун  245/45/17  W 95 RE-003(32274)
	2018-12-12 02:37:10	:Updated product Бриджстоун  245/45/17  W 95 RE-003(32274)
	2018-12-12 02:37:10	:Updated product Бриджстоун  245/45/17  W 95 RE-003  старше 3-х лет(57876)
	2018-12-12 02:37:10	:Updated product Бриджстоун  245/45/17  W 95 T001(32275)
	2018-12-12 02:37:10	:Updated product Бриджстоун  245/45/17  W 95 T001(32275)
	2018-12-12 02:37:10	:Updated product Бриджстоун  245/45/20  V 99 ALENZA1(51533)
	2018-12-12 02:37:10	:Updated product Бриджстоун  245/50/18  W 100 ER-30(32291)
	2018-12-12 02:37:10	:Updated product Бриджстоун  245/50/18  W 100 ER-30(32291)
	2018-12-12 02:37:10	:Updated product Бриджстоун  245/50/18  W 100 ER-30  старше 3-х лет(57879)
	2018-12-12 02:37:10	:Updated product Бриджстоун  245/50/20  V 102 D400  старше 3-х лет(57880)
	2018-12-12 02:37:10	:Updated product Бриджстоун  245/65/17  H 111 850  XL(52580)
	2018-12-12 02:37:10	:Updated product Бриджстоун  245/70/16  H 111 850  XL(32300)
	2018-12-12 02:37:10	:Updated product Бриджстоун  245/70/16  H 111 850  XL старше 3-х лет(57958)
	2018-12-12 02:37:10	:Updated product Бриджстоун  255/35/18  W 94 RE-003  XL(32307)
	2018-12-12 02:37:10	:Updated product Бриджстоун  255/35/19  Y 96 S001  XL старше 3-х лет(57884)
	2018-12-12 02:37:10	:Updated product Бриджстоун  255/35/20  Y 97 S001  XL старше 3-х лет(57885)
	2018-12-12 02:37:10	:Updated product Бриджстоун  255/40/18  W 99 RE-003  XL старше 3-х лет(57887)
	2018-12-12 02:37:10	:Updated product Бриджстоун  255/45/20  T 101 DMV2(47315)
	2018-12-12 02:37:10	:Created product Бриджстоун  255/50/19  V 103 850  старше 3-х лет(58109)
	2018-12-12 02:37:10	:Updated product Бриджстоун  255/50/20  V 109 ALENZA1  XL(51535)
	2018-12-12 02:37:10	:Updated product Бриджстоун  255/50/20  V 109 ALENZA1  XL(51535)
	2018-12-12 02:37:10	:Created product Бриджстоун  255/50/20  V 109 DHPS  XL старше 3-х лет(58110)
	2018-12-12 02:37:10	:Updated product Бриджстоун  255/55/18  T 109 DMV2  XL(45915)
	2018-12-12 02:37:10	:Updated product Бриджстоун  255/55/18  T 109 SPIKE-01  Ш. старше 3-х лет(54648)
	2018-12-12 02:37:10	:Updated product Бриджстоун  255/55/18  V 109 850  XL(32335)
	2018-12-12 02:37:10	:Updated product Бриджстоун  255/55/18  V 109 850  XL(32335)
	2018-12-12 02:37:10	:Updated product Бриджстоун  255/55/18  Y 109 ALENZA1  XL(52039)
	2018-12-12 02:37:10	:Updated product Бриджстоун  255/55/18  Y 109 ALENZA1  XL(52039)
	2018-12-12 02:37:10	:Updated product Бриджстоун  255/55/19  T 111 SPIKE-02 SUV  XL Ш.(49239)
	2018-12-12 02:37:10	:Updated product Бриджстоун  265/60/18  H 110 850  старше 3-х лет(57896)
	2018-12-12 02:37:10	:Updated product Бриджстоун  265/60/18  V 109 DHPS(32354)
	2018-12-12 02:37:10	:Updated product Бриджстоун  265/65/17  H 112 850(32355)
	2018-12-12 02:37:10	:Updated product Бриджстоун  265/65/17  H 112 850(32355)
	2018-12-12 02:37:10	:Updated product Бриджстоун  265/65/17  S 112 AT001(51540)
	2018-12-12 02:37:10	:Updated product Бриджстоун  265/70/15  T 112 AT001(51883)
	2018-12-12 02:37:10	:Updated product Бриджстоун  265/70/16  H 112 850(32358)
	2018-12-12 02:37:10	:Updated product Бриджстоун  265/70/16  H 112 850(32358)
